c:\users\cgrud\source\repos\sch\sch\debug\vc141.pdb
c:\users\cgrud\source\repos\sch\sch\debug\vc141.idb
c:\users\cgrud\source\repos\sch\sch\debug\tasks.obj
c:\users\cgrud\source\repos\sch\sch\debug\main.obj
c:\users\cgrud\source\repos\sch\debug\sch.pdb
c:\users\cgrud\source\repos\sch\sch\debug\sch.tlog\cl.command.1.tlog
c:\users\cgrud\source\repos\sch\sch\debug\sch.tlog\cl.read.1.tlog
c:\users\cgrud\source\repos\sch\sch\debug\sch.tlog\cl.write.1.tlog
c:\users\cgrud\source\repos\sch\sch\debug\sch.tlog\link-cvtres.read.1.tlog
c:\users\cgrud\source\repos\sch\sch\debug\sch.tlog\link-cvtres.write.1.tlog
c:\users\cgrud\source\repos\sch\sch\debug\sch.tlog\link-rc.read.1.tlog
c:\users\cgrud\source\repos\sch\sch\debug\sch.tlog\link-rc.write.1.tlog
c:\users\cgrud\source\repos\sch\sch\debug\sch.tlog\link.8032-cvtres.read.1.tlog
c:\users\cgrud\source\repos\sch\sch\debug\sch.tlog\link.8032-cvtres.write.1.tlog
c:\users\cgrud\source\repos\sch\sch\debug\sch.tlog\link.8032-rc.read.1.tlog
c:\users\cgrud\source\repos\sch\sch\debug\sch.tlog\link.8032-rc.write.1.tlog
c:\users\cgrud\source\repos\sch\sch\debug\sch.tlog\link.8032.read.1.tlog
c:\users\cgrud\source\repos\sch\sch\debug\sch.tlog\link.8032.write.1.tlog
c:\users\cgrud\source\repos\sch\sch\debug\sch.tlog\link.command.1.tlog
c:\users\cgrud\source\repos\sch\sch\debug\sch.tlog\link.read.1.tlog
c:\users\cgrud\source\repos\sch\sch\debug\sch.tlog\link.write.1.tlog
